<html>
<head>
<title>TestNG:  Nvidia-Rest_API's-Test</title>
<link href="../testng.css" rel="stylesheet" type="text/css" />
<link href="../my-testng.css" rel="stylesheet" type="text/css" />

<style type="text/css">
.log { display: none;} 
.stack-trace { display: none;} 
</style>
<script type="text/javascript">
<!--
function flip(e) {
  current = e.style.display;
  if (current == 'block') {
    e.style.display = 'none';
    return 0;
  }
  else {
    e.style.display = 'block';
    return 1;
  }
}

function toggleBox(szDivId, elem, msg1, msg2)
{
  var res = -1;  if (document.getElementById) {
    res = flip(document.getElementById(szDivId));
  }
  else if (document.all) {
    // this is the way old msie versions work
    res = flip(document.all[szDivId]);
  }
  if(elem) {
    if(res == 0) elem.innerHTML = msg1; else elem.innerHTML = msg2;
  }

}

function toggleAllBoxes() {
  if (document.getElementsByTagName) {
    d = document.getElementsByTagName('div');
    for (i = 0; i < d.length; i++) {
      if (d[i].className == 'log') {
        flip(d[i]);
      }
    }
  }
}

// -->
</script>

</head>
<body>
<h2 align='center'>Nvidia-Rest_API's-Test</h2><table border='1' align="center">
<tr>
<td>Tests passed/Failed/Skipped:</td><td>26/8/0</td>
</tr><tr>
<td>Started on:</td><td>Thu Sep 01 20:19:29 IST 2016</td>
</tr>
<tr><td>Total time:</td><td>8 seconds (8362 ms)</td>
</tr><tr>
<td>Included groups:</td><td></td>
</tr><tr>
<td>Excluded groups:</td><td></td>
</tr>
</table><p/>
<small><i>(Hover the method name to see the test class name)</i></small><p/>
<table width='100%' border='1' class='invocation-failed'>
<tr><td colspan='4' align='center'><b>FAILED TESTS</b></td></tr>
<tr><td><b>Test method</b></td>
<td width="30%"><b>Exception</b></td>
<td width="10%"><b>Time (seconds)</b></td>
<td><b>Instance</b></td>
</tr>
<tr>
<td title='com.nvidia.cosmos.controller.CustomerControllerTest.customerDelete()'><b>customerDelete</b><br>Test class: com.nvidia.cosmos.controller.CustomerControllerTest</td>
<td><div><pre>java.lang.AssertionError
	at com.nvidia.cosmos.controller.CustomerControllerTest.customerDelete(CustomerControllerTest.java:212)
... Removed 24 stack frames</pre></div><a href='#' onClick='toggleBox("stack-trace936906727", this, "Click to show all stack frames", "Click to hide stack frames")'>Click to show all stack frames</a>
<div class='stack-trace' id='stack-trace936906727'><pre>java.lang.AssertionError
	at com.nvidia.cosmos.controller.CustomerControllerTest.customerDelete(CustomerControllerTest.java:212)
	at sun.reflect.NativeMethodAccessorImpl.invoke0(Native Method)
	at sun.reflect.NativeMethodAccessorImpl.invoke(Unknown Source)
	at sun.reflect.DelegatingMethodAccessorImpl.invoke(Unknown Source)
	at java.lang.reflect.Method.invoke(Unknown Source)
	at org.testng.internal.MethodInvocationHelper.invokeMethod(MethodInvocationHelper.java:85)
	at org.testng.internal.Invoker.invokeMethod(Invoker.java:659)
	at org.testng.internal.Invoker.invokeTestMethod(Invoker.java:845)
	at org.testng.internal.Invoker.invokeTestMethods(Invoker.java:1153)
	at org.testng.internal.TestMethodWorker.invokeTestMethods(TestMethodWorker.java:125)
	at org.testng.internal.TestMethodWorker.run(TestMethodWorker.java:108)
	at org.testng.TestRunner.privateRun(TestRunner.java:771)
	at org.testng.TestRunner.run(TestRunner.java:621)
	at org.testng.SuiteRunner.runTest(SuiteRunner.java:357)
	at org.testng.SuiteRunner.runSequentially(SuiteRunner.java:352)
	at org.testng.SuiteRunner.privateRun(SuiteRunner.java:310)
	at org.testng.SuiteRunner.run(SuiteRunner.java:259)
	at org.testng.SuiteRunnerWorker.runSuite(SuiteRunnerWorker.java:52)
	at org.testng.SuiteRunnerWorker.run(SuiteRunnerWorker.java:86)
	at org.testng.TestNG.runSuitesSequentially(TestNG.java:1199)
	at org.testng.TestNG.runSuitesLocally(TestNG.java:1124)
	at org.testng.TestNG.run(TestNG.java:1032)
	at org.testng.remote.RemoteTestNG.run(RemoteTestNG.java:111)
	at org.testng.remote.RemoteTestNG.initAndRun(RemoteTestNG.java:204)
	at org.testng.remote.RemoteTestNG.main(RemoteTestNG.java:175)
</pre></div></td>
<td>0</td>
<td>com.nvidia.cosmos.controller.CustomerControllerTest@12f41634</td></tr>
<tr>
<td title='com.nvidia.cosmos.controller.CustomerControllerTest.customerExit()'><b>customerExit</b><br>Test class: com.nvidia.cosmos.controller.CustomerControllerTest</td>
<td><div><pre>java.lang.AssertionError: expected:&lt;This email is acceptable&gt; but was:&lt;Customer with this email already exists&gt;
	at com.nvidia.cosmos.controller.CustomerControllerTest.customerExit(CustomerControllerTest.java:118)
... Removed 26 stack frames</pre></div><a href='#' onClick='toggleBox("stack-trace1177072083", this, "Click to show all stack frames", "Click to hide stack frames")'>Click to show all stack frames</a>
<div class='stack-trace' id='stack-trace1177072083'><pre>java.lang.AssertionError: expected:&lt;This email is acceptable&gt; but was:&lt;Customer with this email already exists&gt;
	at org.testng.AssertJUnit.assertEquals(AssertJUnit.java:101)
	at org.testng.AssertJUnit.assertEquals(AssertJUnit.java:108)
	at com.nvidia.cosmos.controller.CustomerControllerTest.customerExit(CustomerControllerTest.java:118)
	at sun.reflect.NativeMethodAccessorImpl.invoke0(Native Method)
	at sun.reflect.NativeMethodAccessorImpl.invoke(Unknown Source)
	at sun.reflect.DelegatingMethodAccessorImpl.invoke(Unknown Source)
	at java.lang.reflect.Method.invoke(Unknown Source)
	at org.testng.internal.MethodInvocationHelper.invokeMethod(MethodInvocationHelper.java:85)
	at org.testng.internal.Invoker.invokeMethod(Invoker.java:659)
	at org.testng.internal.Invoker.invokeTestMethod(Invoker.java:845)
	at org.testng.internal.Invoker.invokeTestMethods(Invoker.java:1153)
	at org.testng.internal.TestMethodWorker.invokeTestMethods(TestMethodWorker.java:125)
	at org.testng.internal.TestMethodWorker.run(TestMethodWorker.java:108)
	at org.testng.TestRunner.privateRun(TestRunner.java:771)
	at org.testng.TestRunner.run(TestRunner.java:621)
	at org.testng.SuiteRunner.runTest(SuiteRunner.java:357)
	at org.testng.SuiteRunner.runSequentially(SuiteRunner.java:352)
	at org.testng.SuiteRunner.privateRun(SuiteRunner.java:310)
	at org.testng.SuiteRunner.run(SuiteRunner.java:259)
	at org.testng.SuiteRunnerWorker.runSuite(SuiteRunnerWorker.java:52)
	at org.testng.SuiteRunnerWorker.run(SuiteRunnerWorker.java:86)
	at org.testng.TestNG.runSuitesSequentially(TestNG.java:1199)
	at org.testng.TestNG.runSuitesLocally(TestNG.java:1124)
	at org.testng.TestNG.run(TestNG.java:1032)
	at org.testng.remote.RemoteTestNG.run(RemoteTestNG.java:111)
	at org.testng.remote.RemoteTestNG.initAndRun(RemoteTestNG.java:204)
	at org.testng.remote.RemoteTestNG.main(RemoteTestNG.java:175)
</pre></div></td>
<td>0</td>
<td>com.nvidia.cosmos.controller.CustomerControllerTest@12f41634</td></tr>
<tr>
<td title='com.nvidia.cosmos.controller.CustomerControllerTest.fetch()'><b>fetch</b><br>Test class: com.nvidia.cosmos.controller.CustomerControllerTest</td>
<td><div><pre>java.lang.AssertionError
	at com.nvidia.cosmos.controller.CustomerControllerTest.fetch(CustomerControllerTest.java:92)
... Removed 24 stack frames</pre></div><a href='#' onClick='toggleBox("stack-trace1418622705", this, "Click to show all stack frames", "Click to hide stack frames")'>Click to show all stack frames</a>
<div class='stack-trace' id='stack-trace1418622705'><pre>java.lang.AssertionError
	at com.nvidia.cosmos.controller.CustomerControllerTest.fetch(CustomerControllerTest.java:92)
	at sun.reflect.NativeMethodAccessorImpl.invoke0(Native Method)
	at sun.reflect.NativeMethodAccessorImpl.invoke(Unknown Source)
	at sun.reflect.DelegatingMethodAccessorImpl.invoke(Unknown Source)
	at java.lang.reflect.Method.invoke(Unknown Source)
	at org.testng.internal.MethodInvocationHelper.invokeMethod(MethodInvocationHelper.java:85)
	at org.testng.internal.Invoker.invokeMethod(Invoker.java:659)
	at org.testng.internal.Invoker.invokeTestMethod(Invoker.java:845)
	at org.testng.internal.Invoker.invokeTestMethods(Invoker.java:1153)
	at org.testng.internal.TestMethodWorker.invokeTestMethods(TestMethodWorker.java:125)
	at org.testng.internal.TestMethodWorker.run(TestMethodWorker.java:108)
	at org.testng.TestRunner.privateRun(TestRunner.java:771)
	at org.testng.TestRunner.run(TestRunner.java:621)
	at org.testng.SuiteRunner.runTest(SuiteRunner.java:357)
	at org.testng.SuiteRunner.runSequentially(SuiteRunner.java:352)
	at org.testng.SuiteRunner.privateRun(SuiteRunner.java:310)
	at org.testng.SuiteRunner.run(SuiteRunner.java:259)
	at org.testng.SuiteRunnerWorker.runSuite(SuiteRunnerWorker.java:52)
	at org.testng.SuiteRunnerWorker.run(SuiteRunnerWorker.java:86)
	at org.testng.TestNG.runSuitesSequentially(TestNG.java:1199)
	at org.testng.TestNG.runSuitesLocally(TestNG.java:1124)
	at org.testng.TestNG.run(TestNG.java:1032)
	at org.testng.remote.RemoteTestNG.run(RemoteTestNG.java:111)
	at org.testng.remote.RemoteTestNG.initAndRun(RemoteTestNG.java:204)
	at org.testng.remote.RemoteTestNG.main(RemoteTestNG.java:175)
</pre></div></td>
<td>2</td>
<td>com.nvidia.cosmos.controller.CustomerControllerTest@12f41634</td></tr>
<tr>
<td title='com.nvidia.cosmos.controller.CustomerControllerTest.register()'><b>register</b><br>Test class: com.nvidia.cosmos.controller.CustomerControllerTest</td>
<td><div><pre>java.lang.AssertionError
	at com.nvidia.cosmos.controller.CustomerControllerTest.register(CustomerControllerTest.java:157)
... Removed 24 stack frames</pre></div><a href='#' onClick='toggleBox("stack-trace891894789", this, "Click to show all stack frames", "Click to hide stack frames")'>Click to show all stack frames</a>
<div class='stack-trace' id='stack-trace891894789'><pre>java.lang.AssertionError
	at com.nvidia.cosmos.controller.CustomerControllerTest.register(CustomerControllerTest.java:157)
	at sun.reflect.NativeMethodAccessorImpl.invoke0(Native Method)
	at sun.reflect.NativeMethodAccessorImpl.invoke(Unknown Source)
	at sun.reflect.DelegatingMethodAccessorImpl.invoke(Unknown Source)
	at java.lang.reflect.Method.invoke(Unknown Source)
	at org.testng.internal.MethodInvocationHelper.invokeMethod(MethodInvocationHelper.java:85)
	at org.testng.internal.Invoker.invokeMethod(Invoker.java:659)
	at org.testng.internal.Invoker.invokeTestMethod(Invoker.java:845)
	at org.testng.internal.Invoker.invokeTestMethods(Invoker.java:1153)
	at org.testng.internal.TestMethodWorker.invokeTestMethods(TestMethodWorker.java:125)
	at org.testng.internal.TestMethodWorker.run(TestMethodWorker.java:108)
	at org.testng.TestRunner.privateRun(TestRunner.java:771)
	at org.testng.TestRunner.run(TestRunner.java:621)
	at org.testng.SuiteRunner.runTest(SuiteRunner.java:357)
	at org.testng.SuiteRunner.runSequentially(SuiteRunner.java:352)
	at org.testng.SuiteRunner.privateRun(SuiteRunner.java:310)
	at org.testng.SuiteRunner.run(SuiteRunner.java:259)
	at org.testng.SuiteRunnerWorker.runSuite(SuiteRunnerWorker.java:52)
	at org.testng.SuiteRunnerWorker.run(SuiteRunnerWorker.java:86)
	at org.testng.TestNG.runSuitesSequentially(TestNG.java:1199)
	at org.testng.TestNG.runSuitesLocally(TestNG.java:1124)
	at org.testng.TestNG.run(TestNG.java:1032)
	at org.testng.remote.RemoteTestNG.run(RemoteTestNG.java:111)
	at org.testng.remote.RemoteTestNG.initAndRun(RemoteTestNG.java:204)
	at org.testng.remote.RemoteTestNG.main(RemoteTestNG.java:175)
</pre></div></td>
<td>0</td>
<td>com.nvidia.cosmos.controller.CustomerControllerTest@12f41634</td></tr>
<tr>
<td title='com.nvidia.cosmos.controller.LoginControllerTest.resetuser()'><b>resetuser</b><br>Test class: com.nvidia.cosmos.controller.LoginControllerTest</td>
<td><div><pre>java.lang.AssertionError
	at com.nvidia.cosmos.controller.LoginControllerTest.resetuser(LoginControllerTest.java:142)
... Removed 24 stack frames</pre></div><a href='#' onClick='toggleBox("stack-trace799260198", this, "Click to show all stack frames", "Click to hide stack frames")'>Click to show all stack frames</a>
<div class='stack-trace' id='stack-trace799260198'><pre>java.lang.AssertionError
	at com.nvidia.cosmos.controller.LoginControllerTest.resetuser(LoginControllerTest.java:142)
	at sun.reflect.NativeMethodAccessorImpl.invoke0(Native Method)
	at sun.reflect.NativeMethodAccessorImpl.invoke(Unknown Source)
	at sun.reflect.DelegatingMethodAccessorImpl.invoke(Unknown Source)
	at java.lang.reflect.Method.invoke(Unknown Source)
	at org.testng.internal.MethodInvocationHelper.invokeMethod(MethodInvocationHelper.java:85)
	at org.testng.internal.Invoker.invokeMethod(Invoker.java:659)
	at org.testng.internal.Invoker.invokeTestMethod(Invoker.java:845)
	at org.testng.internal.Invoker.invokeTestMethods(Invoker.java:1153)
	at org.testng.internal.TestMethodWorker.invokeTestMethods(TestMethodWorker.java:125)
	at org.testng.internal.TestMethodWorker.run(TestMethodWorker.java:108)
	at org.testng.TestRunner.privateRun(TestRunner.java:771)
	at org.testng.TestRunner.run(TestRunner.java:621)
	at org.testng.SuiteRunner.runTest(SuiteRunner.java:357)
	at org.testng.SuiteRunner.runSequentially(SuiteRunner.java:352)
	at org.testng.SuiteRunner.privateRun(SuiteRunner.java:310)
	at org.testng.SuiteRunner.run(SuiteRunner.java:259)
	at org.testng.SuiteRunnerWorker.runSuite(SuiteRunnerWorker.java:52)
	at org.testng.SuiteRunnerWorker.run(SuiteRunnerWorker.java:86)
	at org.testng.TestNG.runSuitesSequentially(TestNG.java:1199)
	at org.testng.TestNG.runSuitesLocally(TestNG.java:1124)
	at org.testng.TestNG.run(TestNG.java:1032)
	at org.testng.remote.RemoteTestNG.run(RemoteTestNG.java:111)
	at org.testng.remote.RemoteTestNG.initAndRun(RemoteTestNG.java:204)
	at org.testng.remote.RemoteTestNG.main(RemoteTestNG.java:175)
</pre></div></td>
<td>0</td>
<td>com.nvidia.cosmos.controller.LoginControllerTest@670b40af</td></tr>
<tr>
<td title='com.nvidia.cosmos.controller.ClusterControllerTest.updateClusterNfsDetails()'><b>updateClusterNfsDetails</b><br>Test class: com.nvidia.cosmos.controller.ClusterControllerTest</td>
<td><div><pre>com.fasterxml.jackson.databind.exc.UnrecognizedPropertyException: Unrecognized field &quot;timestamp&quot; (class com.nvidia.cosmos.cloud.dtos.ApiResponseDTO), not marked as ignorable (2 known properties: &quot;message&quot;, &quot;statusCode&quot;])
 at [Source: {&quot;timestamp&quot;:1472741373281,&quot;status&quot;:401,&quot;error&quot;:&quot;Unauthorized&quot;,&quot;message&quot;:&quot;No message available&quot;,&quot;path&quot;:&quot;/api/cluster/updatenfs&quot;}; line: 1, column: 27] (through reference chain: com.nvidia.cosmos.cloud.dtos.ApiResponseDTO[&quot;timestamp&quot;])
	at com.fasterxml.jackson.databind.exc.UnrecognizedPropertyException.from(UnrecognizedPropertyException.java:51)
	at com.fasterxml.jackson.databind.DeserializationContext.reportUnknownProperty(DeserializationContext.java:839)
	at com.fasterxml.jackson.databind.deser.std.StdDeserializer.handleUnknownProperty(StdDeserializer.java:1045)
	at com.fasterxml.jackson.databind.deser.BeanDeserializerBase.handleUnknownProperty(BeanDeserializerBase.java:1352)
	at com.fasterxml.jackson.databind.deser.BeanDeserializerBase.handleUnknownVanilla(BeanDeserializerBase.java:1330)
	at com.fasterxml.jackson.databind.deser.BeanDeserializer.vanillaDeserialize(BeanDeserializer.java:264)
	at com.fasterxml.jackson.databind.deser.BeanDeserializer.deserialize(BeanDeserializer.java:125)
	at com.fasterxml.jackson.databind.ObjectMapper._readMapAndClose(ObjectMapper.java:3736)
	at com.fasterxml.jackson.databind.ObjectMapper.readValue(ObjectMapper.java:2764)
	at com.fasterxml.jackson.databind.ObjectMapper$readValue$0.call(Unknown Source)
	at com.jayway.restassured.internal.path.json.mapping.JsonPathJackson2ObjectDeserializer.deserialize(JsonPathJackson2ObjectDeserializer.groovy:43)
	at com.jayway.restassured.path.json.mapping.JsonPathObjectDeserializer$deserialize.call(Unknown Source)
	at com.jayway.restassured.internal.mapping.Jackson2Mapper.deserialize(Jackson2Mapper.groovy:60)
	at com.jayway.restassured.mapper.ObjectMapper$deserialize.call(Unknown Source)
	at com.jayway.restassured.internal.mapping.ObjectMapping.parseWithJackson2(ObjectMapping.groovy:202)
	at com.jayway.restassured.internal.mapping.ObjectMapping$parseWithJackson2$0.callStatic(Unknown Source)
	at com.jayway.restassured.internal.mapping.ObjectMapping.deserialize(ObjectMapping.groovy:55)
	at com.jayway.restassured.internal.mapping.ObjectMapping$deserialize.call(Unknown Source)
	at com.jayway.restassured.internal.RestAssuredResponseOptionsGroovyImpl.as(RestAssuredResponseOptionsGroovyImpl.groovy:216)
	at com.jayway.restassured.internal.RestAssuredResponseOptionsImpl.as(RestAssuredResponseOptionsImpl.java:159)
	at com.nvidia.cosmos.controller.ClusterControllerTest.updateClusterNfsDetails(ClusterControllerTest.java:117)
... Removed 24 stack frames</pre></div><a href='#' onClick='toggleBox("stack-trace443502884", this, "Click to show all stack frames", "Click to hide stack frames")'>Click to show all stack frames</a>
<div class='stack-trace' id='stack-trace443502884'><pre>com.fasterxml.jackson.databind.exc.UnrecognizedPropertyException: Unrecognized field &quot;timestamp&quot; (class com.nvidia.cosmos.cloud.dtos.ApiResponseDTO), not marked as ignorable (2 known properties: &quot;message&quot;, &quot;statusCode&quot;])
 at [Source: {&quot;timestamp&quot;:1472741373281,&quot;status&quot;:401,&quot;error&quot;:&quot;Unauthorized&quot;,&quot;message&quot;:&quot;No message available&quot;,&quot;path&quot;:&quot;/api/cluster/updatenfs&quot;}; line: 1, column: 27] (through reference chain: com.nvidia.cosmos.cloud.dtos.ApiResponseDTO[&quot;timestamp&quot;])
	at com.fasterxml.jackson.databind.exc.UnrecognizedPropertyException.from(UnrecognizedPropertyException.java:51)
	at com.fasterxml.jackson.databind.DeserializationContext.reportUnknownProperty(DeserializationContext.java:839)
	at com.fasterxml.jackson.databind.deser.std.StdDeserializer.handleUnknownProperty(StdDeserializer.java:1045)
	at com.fasterxml.jackson.databind.deser.BeanDeserializerBase.handleUnknownProperty(BeanDeserializerBase.java:1352)
	at com.fasterxml.jackson.databind.deser.BeanDeserializerBase.handleUnknownVanilla(BeanDeserializerBase.java:1330)
	at com.fasterxml.jackson.databind.deser.BeanDeserializer.vanillaDeserialize(BeanDeserializer.java:264)
	at com.fasterxml.jackson.databind.deser.BeanDeserializer.deserialize(BeanDeserializer.java:125)
	at com.fasterxml.jackson.databind.ObjectMapper._readMapAndClose(ObjectMapper.java:3736)
	at com.fasterxml.jackson.databind.ObjectMapper.readValue(ObjectMapper.java:2764)
	at com.fasterxml.jackson.databind.ObjectMapper$readValue$0.call(Unknown Source)
	at com.jayway.restassured.internal.path.json.mapping.JsonPathJackson2ObjectDeserializer.deserialize(JsonPathJackson2ObjectDeserializer.groovy:43)
	at com.jayway.restassured.path.json.mapping.JsonPathObjectDeserializer$deserialize.call(Unknown Source)
	at com.jayway.restassured.internal.mapping.Jackson2Mapper.deserialize(Jackson2Mapper.groovy:60)
	at com.jayway.restassured.mapper.ObjectMapper$deserialize.call(Unknown Source)
	at com.jayway.restassured.internal.mapping.ObjectMapping.parseWithJackson2(ObjectMapping.groovy:202)
	at com.jayway.restassured.internal.mapping.ObjectMapping$parseWithJackson2$0.callStatic(Unknown Source)
	at com.jayway.restassured.internal.mapping.ObjectMapping.deserialize(ObjectMapping.groovy:55)
	at com.jayway.restassured.internal.mapping.ObjectMapping$deserialize.call(Unknown Source)
	at com.jayway.restassured.internal.RestAssuredResponseOptionsGroovyImpl.as(RestAssuredResponseOptionsGroovyImpl.groovy:216)
	at com.jayway.restassured.internal.RestAssuredResponseOptionsImpl.as(RestAssuredResponseOptionsImpl.java:159)
	at com.nvidia.cosmos.controller.ClusterControllerTest.updateClusterNfsDetails(ClusterControllerTest.java:117)
	at sun.reflect.NativeMethodAccessorImpl.invoke0(Native Method)
	at sun.reflect.NativeMethodAccessorImpl.invoke(Unknown Source)
	at sun.reflect.DelegatingMethodAccessorImpl.invoke(Unknown Source)
	at java.lang.reflect.Method.invoke(Unknown Source)
	at org.testng.internal.MethodInvocationHelper.invokeMethod(MethodInvocationHelper.java:85)
	at org.testng.internal.Invoker.invokeMethod(Invoker.java:659)
	at org.testng.internal.Invoker.invokeTestMethod(Invoker.java:845)
	at org.testng.internal.Invoker.invokeTestMethods(Invoker.java:1153)
	at org.testng.internal.TestMethodWorker.invokeTestMethods(TestMethodWorker.java:125)
	at org.testng.internal.TestMethodWorker.run(TestMethodWorker.java:108)
	at org.testng.TestRunner.privateRun(TestRunner.java:771)
	at org.testng.TestRunner.run(TestRunner.java:621)
	at org.testng.SuiteRunner.runTest(SuiteRunner.java:357)
	at org.testng.SuiteRunner.runSequentially(SuiteRunner.java:352)
	at org.testng.SuiteRunner.privateRun(SuiteRunner.java:310)
	at org.testng.SuiteRunner.run(SuiteRunner.java:259)
	at org.testng.SuiteRunnerWorker.runSuite(SuiteRunnerWorker.java:52)
	at org.testng.SuiteRunnerWorker.run(SuiteRunnerWorker.java:86)
	at org.testng.TestNG.runSuitesSequentially(TestNG.java:1199)
	at org.testng.TestNG.runSuitesLocally(TestNG.java:1124)
	at org.testng.TestNG.run(TestNG.java:1032)
	at org.testng.remote.RemoteTestNG.run(RemoteTestNG.java:111)
	at org.testng.remote.RemoteTestNG.initAndRun(RemoteTestNG.java:204)
	at org.testng.remote.RemoteTestNG.main(RemoteTestNG.java:175)
</pre></div></td>
<td>0</td>
<td>com.nvidia.cosmos.controller.ClusterControllerTest@27f723</td></tr>
<tr>
<td title='com.nvidia.cosmos.controller.NodeControllerTest.upgradeOnBootInNode()'><b>upgradeOnBootInNode</b><br>Test class: com.nvidia.cosmos.controller.NodeControllerTest</td>
<td><div><pre>java.lang.AssertionError
	at com.nvidia.cosmos.controller.NodeControllerTest.upgradeOnBootInNode(NodeControllerTest.java:221)
... Removed 24 stack frames</pre></div><a href='#' onClick='toggleBox("stack-trace78265654", this, "Click to show all stack frames", "Click to hide stack frames")'>Click to show all stack frames</a>
<div class='stack-trace' id='stack-trace78265654'><pre>java.lang.AssertionError
	at com.nvidia.cosmos.controller.NodeControllerTest.upgradeOnBootInNode(NodeControllerTest.java:221)
	at sun.reflect.NativeMethodAccessorImpl.invoke0(Native Method)
	at sun.reflect.NativeMethodAccessorImpl.invoke(Unknown Source)
	at sun.reflect.DelegatingMethodAccessorImpl.invoke(Unknown Source)
	at java.lang.reflect.Method.invoke(Unknown Source)
	at org.testng.internal.MethodInvocationHelper.invokeMethod(MethodInvocationHelper.java:85)
	at org.testng.internal.Invoker.invokeMethod(Invoker.java:659)
	at org.testng.internal.Invoker.invokeTestMethod(Invoker.java:845)
	at org.testng.internal.Invoker.invokeTestMethods(Invoker.java:1153)
	at org.testng.internal.TestMethodWorker.invokeTestMethods(TestMethodWorker.java:125)
	at org.testng.internal.TestMethodWorker.run(TestMethodWorker.java:108)
	at org.testng.TestRunner.privateRun(TestRunner.java:771)
	at org.testng.TestRunner.run(TestRunner.java:621)
	at org.testng.SuiteRunner.runTest(SuiteRunner.java:357)
	at org.testng.SuiteRunner.runSequentially(SuiteRunner.java:352)
	at org.testng.SuiteRunner.privateRun(SuiteRunner.java:310)
	at org.testng.SuiteRunner.run(SuiteRunner.java:259)
	at org.testng.SuiteRunnerWorker.runSuite(SuiteRunnerWorker.java:52)
	at org.testng.SuiteRunnerWorker.run(SuiteRunnerWorker.java:86)
	at org.testng.TestNG.runSuitesSequentially(TestNG.java:1199)
	at org.testng.TestNG.runSuitesLocally(TestNG.java:1124)
	at org.testng.TestNG.run(TestNG.java:1032)
	at org.testng.remote.RemoteTestNG.run(RemoteTestNG.java:111)
	at org.testng.remote.RemoteTestNG.initAndRun(RemoteTestNG.java:204)
	at org.testng.remote.RemoteTestNG.main(RemoteTestNG.java:175)
</pre></div></td>
<td>0</td>
<td>com.nvidia.cosmos.controller.NodeControllerTest@7a9273a8</td></tr>
<tr>
<td title='com.nvidia.cosmos.controller.UserControllerTest.userDelete()'><b>userDelete</b><br>Test class: com.nvidia.cosmos.controller.UserControllerTest</td>
<td><div><pre>java.lang.AssertionError
	at com.nvidia.cosmos.controller.UserControllerTest.userDelete(UserControllerTest.java:280)
... Removed 24 stack frames</pre></div><a href='#' onClick='toggleBox("stack-trace211199210", this, "Click to show all stack frames", "Click to hide stack frames")'>Click to show all stack frames</a>
<div class='stack-trace' id='stack-trace211199210'><pre>java.lang.AssertionError
	at com.nvidia.cosmos.controller.UserControllerTest.userDelete(UserControllerTest.java:280)
	at sun.reflect.NativeMethodAccessorImpl.invoke0(Native Method)
	at sun.reflect.NativeMethodAccessorImpl.invoke(Unknown Source)
	at sun.reflect.DelegatingMethodAccessorImpl.invoke(Unknown Source)
	at java.lang.reflect.Method.invoke(Unknown Source)
	at org.testng.internal.MethodInvocationHelper.invokeMethod(MethodInvocationHelper.java:85)
	at org.testng.internal.Invoker.invokeMethod(Invoker.java:659)
	at org.testng.internal.Invoker.invokeTestMethod(Invoker.java:845)
	at org.testng.internal.Invoker.invokeTestMethods(Invoker.java:1153)
	at org.testng.internal.TestMethodWorker.invokeTestMethods(TestMethodWorker.java:125)
	at org.testng.internal.TestMethodWorker.run(TestMethodWorker.java:108)
	at org.testng.TestRunner.privateRun(TestRunner.java:771)
	at org.testng.TestRunner.run(TestRunner.java:621)
	at org.testng.SuiteRunner.runTest(SuiteRunner.java:357)
	at org.testng.SuiteRunner.runSequentially(SuiteRunner.java:352)
	at org.testng.SuiteRunner.privateRun(SuiteRunner.java:310)
	at org.testng.SuiteRunner.run(SuiteRunner.java:259)
	at org.testng.SuiteRunnerWorker.runSuite(SuiteRunnerWorker.java:52)
	at org.testng.SuiteRunnerWorker.run(SuiteRunnerWorker.java:86)
	at org.testng.TestNG.runSuitesSequentially(TestNG.java:1199)
	at org.testng.TestNG.runSuitesLocally(TestNG.java:1124)
	at org.testng.TestNG.run(TestNG.java:1032)
	at org.testng.remote.RemoteTestNG.run(RemoteTestNG.java:111)
	at org.testng.remote.RemoteTestNG.initAndRun(RemoteTestNG.java:204)
	at org.testng.remote.RemoteTestNG.main(RemoteTestNG.java:175)
</pre></div></td>
<td>0</td>
<td>com.nvidia.cosmos.controller.UserControllerTest@5f3a4b84</td></tr>
</table><p>
<table width='100%' border='1' class='invocation-passed'>
<tr><td colspan='4' align='center'><b>PASSED TESTS</b></td></tr>
<tr><td><b>Test method</b></td>
<td width="30%"><b>Exception</b></td>
<td width="10%"><b>Time (seconds)</b></td>
<td><b>Instance</b></td>
</tr>
<tr>
<td title='com.nvidia.cosmos.controller.GrafanaControllerTest.clusterGrafanaDataByCustomer()'><b>clusterGrafanaDataByCustomer</b><br>Test class: com.nvidia.cosmos.controller.GrafanaControllerTest</td>
<td></td>
<td>0</td>
<td>com.nvidia.cosmos.controller.GrafanaControllerTest@13c27452</td></tr>
<tr>
<td title='com.nvidia.cosmos.controller.GrafanaControllerTest.customerGrfanaDetails()'><b>customerGrfanaDetails</b><br>Test class: com.nvidia.cosmos.controller.GrafanaControllerTest</td>
<td></td>
<td>0</td>
<td>com.nvidia.cosmos.controller.GrafanaControllerTest@13c27452</td></tr>
<tr>
<td title='com.nvidia.cosmos.controller.DashBoardControllerTest.dashboard()'><b>dashboard</b><br>Test class: com.nvidia.cosmos.controller.DashBoardControllerTest</td>
<td></td>
<td>0</td>
<td>com.nvidia.cosmos.controller.DashBoardControllerTest@4923ab24</td></tr>
<tr>
<td title='com.nvidia.cosmos.controller.EntitilementControllerTest.fetchByEntitlementName()'><b>fetchByEntitlementName</b><br>Test class: com.nvidia.cosmos.controller.EntitilementControllerTest</td>
<td></td>
<td>0</td>
<td>com.nvidia.cosmos.controller.EntitilementControllerTest@5bcea91b</td></tr>
<tr>
<td title='com.nvidia.cosmos.controller.ClusterControllerTest.findAllClustersDetails()'><b>findAllClustersDetails</b><br>Test class: com.nvidia.cosmos.controller.ClusterControllerTest</td>
<td></td>
<td>0</td>
<td>com.nvidia.cosmos.controller.ClusterControllerTest@27f723</td></tr>
<tr>
<td title='com.nvidia.cosmos.controller.UserControllerTest.findUserProfile()'><b>findUserProfile</b><br>Test class: com.nvidia.cosmos.controller.UserControllerTest</td>
<td></td>
<td>0</td>
<td>com.nvidia.cosmos.controller.UserControllerTest@5f3a4b84</td></tr>
<tr>
<td title='com.nvidia.cosmos.controller.ClusterControllerTest.getClusterByName()'><b>getClusterByName</b><br>Test class: com.nvidia.cosmos.controller.ClusterControllerTest</td>
<td></td>
<td>0</td>
<td>com.nvidia.cosmos.controller.ClusterControllerTest@27f723</td></tr>
<tr>
<td title='com.nvidia.cosmos.controller.NodeControllerTest.getNodeByCluster()'><b>getNodeByCluster</b><br>Test class: com.nvidia.cosmos.controller.NodeControllerTest</td>
<td></td>
<td>0</td>
<td>com.nvidia.cosmos.controller.NodeControllerTest@7a9273a8</td></tr>
<tr>
<td title='com.nvidia.cosmos.controller.NodeControllerTest.getNodeById()'><b>getNodeById</b><br>Test class: com.nvidia.cosmos.controller.NodeControllerTest</td>
<td></td>
<td>0</td>
<td>com.nvidia.cosmos.controller.NodeControllerTest@7a9273a8</td></tr>
<tr>
<td title='com.nvidia.cosmos.controller.NodeControllerTest.getNodeByName()'><b>getNodeByName</b><br>Test class: com.nvidia.cosmos.controller.NodeControllerTest</td>
<td></td>
<td>0</td>
<td>com.nvidia.cosmos.controller.NodeControllerTest@7a9273a8</td></tr>
<tr>
<td title='com.nvidia.cosmos.controller.ClusterControllerTest.getNodeInfo()'><b>getNodeInfo</b><br>Test class: com.nvidia.cosmos.controller.ClusterControllerTest</td>
<td></td>
<td>0</td>
<td>com.nvidia.cosmos.controller.ClusterControllerTest@27f723</td></tr>
<tr>
<td title='com.nvidia.cosmos.controller.EntitilementControllerTest.listByEntitlementName()'><b>listByEntitlementName</b><br>Test class: com.nvidia.cosmos.controller.EntitilementControllerTest</td>
<td></td>
<td>0</td>
<td>com.nvidia.cosmos.controller.EntitilementControllerTest@5bcea91b</td></tr>
<tr>
<td title='com.nvidia.cosmos.controller.CustomerControllerTest.listCCustomers()'><b>listCCustomers</b><br>Test class: com.nvidia.cosmos.controller.CustomerControllerTest</td>
<td></td>
<td>0</td>
<td>com.nvidia.cosmos.controller.CustomerControllerTest@12f41634</td></tr>
<tr>
<td title='com.nvidia.cosmos.controller.EntitilementControllerTest.listCEntitlements1()'><b>listCEntitlements1</b><br>Test class: com.nvidia.cosmos.controller.EntitilementControllerTest</td>
<td></td>
<td>0</td>
<td>com.nvidia.cosmos.controller.EntitilementControllerTest@5bcea91b</td></tr>
<tr>
<td title='com.nvidia.cosmos.controller.UserControllerTest.listUsers()'><b>listUsers</b><br>Test class: com.nvidia.cosmos.controller.UserControllerTest</td>
<td></td>
<td>0</td>
<td>com.nvidia.cosmos.controller.UserControllerTest@5f3a4b84</td></tr>
<tr>
<td title='com.nvidia.cosmos.controller.GrafanaControllerTest.nodeGrafanaDataByCustomer()'><b>nodeGrafanaDataByCustomer</b><br>Test class: com.nvidia.cosmos.controller.GrafanaControllerTest</td>
<td></td>
<td>0</td>
<td>com.nvidia.cosmos.controller.GrafanaControllerTest@13c27452</td></tr>
<tr>
<td title='com.nvidia.cosmos.controller.NodeControllerTest.nodecreate()'><b>nodecreate</b><br>Test class: com.nvidia.cosmos.controller.NodeControllerTest</td>
<td></td>
<td>0</td>
<td>com.nvidia.cosmos.controller.NodeControllerTest@7a9273a8</td></tr>
<tr>
<td title='com.nvidia.cosmos.controller.UserControllerTest.profileUpdate()'><b>profileUpdate</b><br>Test class: com.nvidia.cosmos.controller.UserControllerTest</td>
<td></td>
<td>0</td>
<td>com.nvidia.cosmos.controller.UserControllerTest@5f3a4b84</td></tr>
<tr>
<td title='com.nvidia.cosmos.controller.UserControllerTest.register()'><b>register</b><br>Test class: com.nvidia.cosmos.controller.UserControllerTest</td>
<td></td>
<td>0</td>
<td>com.nvidia.cosmos.controller.UserControllerTest@5f3a4b84</td></tr>
<tr>
<td title='com.nvidia.cosmos.controller.LoginControllerTest.reset()'><b>reset</b><br>Test class: com.nvidia.cosmos.controller.LoginControllerTest</td>
<td></td>
<td>0</td>
<td>com.nvidia.cosmos.controller.LoginControllerTest@670b40af</td></tr>
<tr>
<td title='com.nvidia.cosmos.controller.LoginControllerTest.resetverify()'><b>resetverify</b><br>Test class: com.nvidia.cosmos.controller.LoginControllerTest</td>
<td></td>
<td>0</td>
<td>com.nvidia.cosmos.controller.LoginControllerTest@670b40af</td></tr>
<tr>
<td title='com.nvidia.cosmos.controller.EntitilementControllerTest.saveEntitilement1()'><b>saveEntitilement1</b><br>Test class: com.nvidia.cosmos.controller.EntitilementControllerTest</td>
<td></td>
<td>0</td>
<td>com.nvidia.cosmos.controller.EntitilementControllerTest@5bcea91b</td></tr>
<tr>
<td title='com.nvidia.cosmos.controller.EulaControllerTest.saveEula()'><b>saveEula</b><br>Test class: com.nvidia.cosmos.controller.EulaControllerTest</td>
<td></td>
<td>0</td>
<td>com.nvidia.cosmos.controller.EulaControllerTest@46daef40</td></tr>
<tr>
<td title='com.nvidia.cosmos.controller.UserControllerTest.updateUserProfile()'><b>updateUserProfile</b><br>Test class: com.nvidia.cosmos.controller.UserControllerTest</td>
<td></td>
<td>1</td>
<td>com.nvidia.cosmos.controller.UserControllerTest@5f3a4b84</td></tr>
<tr>
<td title='com.nvidia.cosmos.controller.UserControllerTest.updateuser()'><b>updateuser</b><br>Test class: com.nvidia.cosmos.controller.UserControllerTest</td>
<td></td>
<td>0</td>
<td>com.nvidia.cosmos.controller.UserControllerTest@5f3a4b84</td></tr>
<tr>
<td title='com.nvidia.cosmos.controller.UserControllerTest.userValidate()'><b>userValidate</b><br>Test class: com.nvidia.cosmos.controller.UserControllerTest</td>
<td></td>
<td>0</td>
<td>com.nvidia.cosmos.controller.UserControllerTest@5f3a4b84</td></tr>
</table><p>
</body>
</html>