<?xml version="1.0" encoding="UTF-8"?>
<testsuite name="Nvidia-Rest_API's-Test"
           tests="8"
           failures="1"
           errors="0"
           skipped="0"
           time="2.855">
  <properties />
            <testcase name="userDelete" time="0.040" classname="com.nvidia.cosmos.controller.UserControllerTest">
                <failure type="java.lang.AssertionError"
                  message="(null)"
              >
<![CDATA[java.lang.AssertionError
  com.nvidia.cosmos.controller.UserControllerTest.userDelete(UserControllerTest.java:280)
  sun.reflect.NativeMethodAccessorImpl.invoke0(Native Method)
  sun.reflect.NativeMethodAccessorImpl.invoke(Unknown Source)
  sun.reflect.DelegatingMethodAccessorImpl.invoke(Unknown Source)
  java.lang.reflect.Method.invoke(Unknown Source)
  org.testng.internal.MethodInvocationHelper.invokeMethod(MethodInvocationHelper.java:85)
  org.testng.internal.Invoker.invokeMethod(Invoker.java:659)
  org.testng.internal.Invoker.invokeTestMethod(Invoker.java:845)
  org.testng.internal.Invoker.invokeTestMethods(Invoker.java:1153)
  org.testng.internal.TestMethodWorker.invokeTestMethods(TestMethodWorker.java:125)
  org.testng.internal.TestMethodWorker.run(TestMethodWorker.java:108)
  org.testng.TestRunner.privateRun(TestRunner.java:771)
  org.testng.TestRunner.run(TestRunner.java:621)
  org.testng.SuiteRunner.runTest(SuiteRunner.java:357)
  org.testng.SuiteRunner.runSequentially(SuiteRunner.java:352)
  org.testng.SuiteRunner.privateRun(SuiteRunner.java:310)
  org.testng.SuiteRunner.run(SuiteRunner.java:259)
  org.testng.SuiteRunnerWorker.runSuite(SuiteRunnerWorker.java:52)
  org.testng.SuiteRunnerWorker.run(SuiteRunnerWorker.java:86)
  org.testng.TestNG.runSuitesSequentially(TestNG.java:1199)
  org.testng.TestNG.runSuitesLocally(TestNG.java:1124)
  org.testng.TestNG.run(TestNG.java:1032)
  org.testng.remote.RemoteTestNG.run(RemoteTestNG.java:111)
  org.testng.remote.RemoteTestNG.initAndRun(RemoteTestNG.java:204)
  org.testng.remote.RemoteTestNG.main(RemoteTestNG.java:175)
]]>
      </failure>

          </testcase>
  
  
            <testcase name="register" time="0.136" classname="com.nvidia.cosmos.controller.UserControllerTest" />
                <testcase name="updateUserProfile" time="1.888" classname="com.nvidia.cosmos.controller.UserControllerTest" />
                <testcase name="profileUpdate" time="0.039" classname="com.nvidia.cosmos.controller.UserControllerTest" />
                <testcase name="listUsers" time="0.056" classname="com.nvidia.cosmos.controller.UserControllerTest" />
                <testcase name="findUserProfile" time="0.030" classname="com.nvidia.cosmos.controller.UserControllerTest" />
                <testcase name="updateuser" time="0.053" classname="com.nvidia.cosmos.controller.UserControllerTest" />
                <testcase name="userValidate" time="0.613" classname="com.nvidia.cosmos.controller.UserControllerTest" />
      
</testsuite>
